2025-12-25T10:22:19: PM2 log: ===============================================================================
2025-12-25T10:22:19: PM2 log: --- New PM2 Daemon started ----------------------------------------------------
2025-12-25T10:22:19: PM2 log: Time                 : Thu Dec 25 2025 10:22:19 GMT+0000 (Coordinated Universal Time)
2025-12-25T10:22:19: PM2 log: PM2 version          : 6.0.14
2025-12-25T10:22:19: PM2 log: Node.js version      : 20.19.6
2025-12-25T10:22:19: PM2 log: Current arch         : x64
2025-12-25T10:22:19: PM2 log: PM2 home             : /home/ubuntu/.pm2
2025-12-25T10:22:19: PM2 log: PM2 PID file         : /home/ubuntu/.pm2/pm2.pid
2025-12-25T10:22:19: PM2 log: RPC socket file      : /home/ubuntu/.pm2/rpc.sock
2025-12-25T10:22:19: PM2 log: BUS socket file      : /home/ubuntu/.pm2/pub.sock
2025-12-25T10:22:19: PM2 log: Application log path : /home/ubuntu/.pm2/logs
2025-12-25T10:22:19: PM2 log: Worker Interval      : 30000
2025-12-25T10:22:19: PM2 log: Process dump file    : /home/ubuntu/.pm2/dump.pm2
2025-12-25T10:22:19: PM2 log: Concurrent actions   : 2
2025-12-25T10:22:19: PM2 log: SIGTERM timeout      : 1600
2025-12-25T10:22:19: PM2 log: Runtime Binary       : /usr/bin/node
2025-12-25T10:22:19: PM2 log: ===============================================================================
2025-12-25T10:22:19: PM2 log: App [hands-on-sysadmin:0] starting in -fork mode-
2025-12-25T10:22:19: PM2 log: App [hands-on-sysadmin:0] online
2025-12-25T10:46:23: PM2 log: Stopping app:hands-on-sysadmin id:0
2025-12-25T10:46:23: PM2 log: App [hands-on-sysadmin:0] exited with code [0] via signal [SIGINT]
2025-12-25T10:46:23: PM2 log: pid=14020 msg=process killed
2025-12-25T10:46:23: PM2 log: App [hands-on-sysadmin:0] starting in -fork mode-
2025-12-25T10:46:23: PM2 log: App [hands-on-sysadmin:0] online
2025-12-25T10:46:24: PM2 log: App [hands-on-sysadmin:0] exited with code [1] via signal [SIGINT]
2025-12-25T10:46:24: PM2 log: App [hands-on-sysadmin:0] starting in -fork mode-
2025-12-25T10:46:24: PM2 log: App [hands-on-sysadmin:0] online
2025-12-25T10:46:25: PM2 log: App [hands-on-sysadmin:0] exited with code [1] via signal [SIGINT]
2025-12-25T10:46:25: PM2 log: App [hands-on-sysadmin:0] starting in -fork mode-
2025-12-25T10:46:25: PM2 log: App [hands-on-sysadmin:0] online
2025-12-25T10:46:26: PM2 log: App [hands-on-sysadmin:0] exited with code [1] via signal [SIGINT]
2025-12-25T10:46:26: PM2 log: App [hands-on-sysadmin:0] starting in -fork mode-
2025-12-25T10:46:26: PM2 log: App [hands-on-sysadmin:0] online
2025-12-25T10:46:27: PM2 log: App [hands-on-sysadmin:0] exited with code [1] via signal [SIGINT]
2025-12-25T10:46:27: PM2 log: App [hands-on-sysadmin:0] starting in -fork mode-
2025-12-25T10:46:27: PM2 log: App [hands-on-sysadmin:0] online
2025-12-25T10:46:28: PM2 log: App [hands-on-sysadmin:0] exited with code [1] via signal [SIGINT]
2025-12-25T10:46:28: PM2 log: App [hands-on-sysadmin:0] starting in -fork mode-
2025-12-25T10:46:28: PM2 log: App [hands-on-sysadmin:0] online
2025-12-25T10:46:29: PM2 log: App [hands-on-sysadmin:0] exited with code [1] via signal [SIGINT]
2025-12-25T10:46:29: PM2 log: App [hands-on-sysadmin:0] starting in -fork mode-
2025-12-25T10:46:29: PM2 log: App [hands-on-sysadmin:0] online
2025-12-25T10:46:30: PM2 log: App [hands-on-sysadmin:0] exited with code [1] via signal [SIGINT]
2025-12-25T10:46:30: PM2 log: App [hands-on-sysadmin:0] starting in -fork mode-
2025-12-25T10:46:30: PM2 log: App [hands-on-sysadmin:0] online
2025-12-25T10:46:31: PM2 log: App [hands-on-sysadmin:0] exited with code [1] via signal [SIGINT]
2025-12-25T10:46:31: PM2 log: App [hands-on-sysadmin:0] starting in -fork mode-
2025-12-25T10:46:31: PM2 log: App [hands-on-sysadmin:0] online
2025-12-25T10:46:32: PM2 log: App [hands-on-sysadmin:0] exited with code [1] via signal [SIGINT]
2025-12-25T10:46:32: PM2 log: App [hands-on-sysadmin:0] starting in -fork mode-
2025-12-25T10:46:32: PM2 log: App [hands-on-sysadmin:0] online
2025-12-25T10:46:33: PM2 log: App [hands-on-sysadmin:0] exited with code [1] via signal [SIGINT]
2025-12-25T10:46:33: PM2 log: App [hands-on-sysadmin:0] starting in -fork mode-
2025-12-25T10:46:33: PM2 log: App [hands-on-sysadmin:0] online
2025-12-25T10:46:34: PM2 log: App [hands-on-sysadmin:0] exited with code [1] via signal [SIGINT]
2025-12-25T10:46:34: PM2 log: App [hands-on-sysadmin:0] starting in -fork mode-
2025-12-25T10:46:34: PM2 log: App [hands-on-sysadmin:0] online
2025-12-25T10:46:35: PM2 log: App [hands-on-sysadmin:0] exited with code [1] via signal [SIGINT]
2025-12-25T10:46:35: PM2 log: App [hands-on-sysadmin:0] starting in -fork mode-
2025-12-25T10:46:35: PM2 log: App [hands-on-sysadmin:0] online
2025-12-25T10:46:36: PM2 log: App [hands-on-sysadmin:0] exited with code [1] via signal [SIGINT]
2025-12-25T10:46:36: PM2 log: App [hands-on-sysadmin:0] starting in -fork mode-
2025-12-25T10:46:36: PM2 log: App [hands-on-sysadmin:0] online
2025-12-25T10:46:37: PM2 log: App [hands-on-sysadmin:0] exited with code [1] via signal [SIGINT]
2025-12-25T10:46:37: PM2 log: App [hands-on-sysadmin:0] starting in -fork mode-
2025-12-25T10:46:37: PM2 log: App [hands-on-sysadmin:0] online
2025-12-25T10:46:38: PM2 log: App [hands-on-sysadmin:0] exited with code [1] via signal [SIGINT]
2025-12-25T10:46:38: PM2 log: App [hands-on-sysadmin:0] starting in -fork mode-
2025-12-25T10:46:38: PM2 log: App [hands-on-sysadmin:0] online
2025-12-25T10:46:39: PM2 log: App [hands-on-sysadmin:0] exited with code [1] via signal [SIGINT]
2025-12-25T10:46:39: PM2 log: App [hands-on-sysadmin:0] starting in -fork mode-
2025-12-25T10:46:39: PM2 log: App [hands-on-sysadmin:0] online
2025-12-25T10:46:40: PM2 log: App [hands-on-sysadmin:0] exited with code [1] via signal [SIGINT]
2025-12-25T10:46:40: PM2 log: App [hands-on-sysadmin:0] starting in -fork mode-
2025-12-25T10:46:40: PM2 log: App [hands-on-sysadmin:0] online
2025-12-25T10:46:41: PM2 log: App [hands-on-sysadmin:0] exited with code [1] via signal [SIGINT]
2025-12-25T10:46:41: PM2 log: App [hands-on-sysadmin:0] starting in -fork mode-
2025-12-25T10:46:41: PM2 log: App [hands-on-sysadmin:0] online
2025-12-25T10:46:41: PM2 log: App [hands-on-sysadmin:0] exited with code [1] via signal [SIGINT]
2025-12-25T10:46:41: PM2 log: App [hands-on-sysadmin:0] starting in -fork mode-
2025-12-25T10:46:41: PM2 log: App [hands-on-sysadmin:0] online
2025-12-25T10:46:42: PM2 log: App [hands-on-sysadmin:0] exited with code [1] via signal [SIGINT]
2025-12-25T10:46:42: PM2 log: App [hands-on-sysadmin:0] starting in -fork mode-
2025-12-25T10:46:42: PM2 log: App [hands-on-sysadmin:0] online
2025-12-25T10:46:43: PM2 log: App [hands-on-sysadmin:0] exited with code [1] via signal [SIGINT]
2025-12-25T10:46:43: PM2 log: App [hands-on-sysadmin:0] starting in -fork mode-
2025-12-25T10:46:43: PM2 log: App [hands-on-sysadmin:0] online
2025-12-25T10:46:44: PM2 log: App [hands-on-sysadmin:0] exited with code [1] via signal [SIGINT]
2025-12-25T10:46:44: PM2 log: App [hands-on-sysadmin:0] starting in -fork mode-
2025-12-25T10:46:44: PM2 log: App [hands-on-sysadmin:0] online
2025-12-25T10:46:45: PM2 log: App [hands-on-sysadmin:0] exited with code [1] via signal [SIGINT]
2025-12-25T10:46:45: PM2 log: App [hands-on-sysadmin:0] starting in -fork mode-
2025-12-25T10:46:45: PM2 log: App [hands-on-sysadmin:0] online
2025-12-25T10:46:46: PM2 log: App [hands-on-sysadmin:0] exited with code [1] via signal [SIGINT]
2025-12-25T10:46:46: PM2 log: App [hands-on-sysadmin:0] starting in -fork mode-
2025-12-25T10:46:46: PM2 log: App [hands-on-sysadmin:0] online
2025-12-25T10:46:47: PM2 log: App [hands-on-sysadmin:0] exited with code [1] via signal [SIGINT]
2025-12-25T10:46:47: PM2 log: App [hands-on-sysadmin:0] starting in -fork mode-
2025-12-25T10:46:47: PM2 log: App [hands-on-sysadmin:0] online
2025-12-25T10:46:48: PM2 log: App [hands-on-sysadmin:0] exited with code [1] via signal [SIGINT]
2025-12-25T10:46:48: PM2 log: App [hands-on-sysadmin:0] starting in -fork mode-
2025-12-25T10:46:48: PM2 log: App [hands-on-sysadmin:0] online
2025-12-25T10:46:49: PM2 log: App [hands-on-sysadmin:0] exited with code [1] via signal [SIGINT]
2025-12-25T10:46:49: PM2 log: App [hands-on-sysadmin:0] starting in -fork mode-
2025-12-25T10:46:49: PM2 log: App [hands-on-sysadmin:0] online
2025-12-25T10:46:50: PM2 log: App [hands-on-sysadmin:0] exited with code [1] via signal [SIGINT]
2025-12-25T10:46:50: PM2 log: App [hands-on-sysadmin:0] starting in -fork mode-
2025-12-25T10:46:50: PM2 log: App [hands-on-sysadmin:0] online
2025-12-25T10:46:51: PM2 log: App [hands-on-sysadmin:0] exited with code [1] via signal [SIGINT]
2025-12-25T10:46:51: PM2 log: App [hands-on-sysadmin:0] starting in -fork mode-
2025-12-25T10:46:51: PM2 log: App [hands-on-sysadmin:0] online
2025-12-25T10:46:52: PM2 log: App [hands-on-sysadmin:0] exited with code [1] via signal [SIGINT]
2025-12-25T10:46:52: PM2 log: App [hands-on-sysadmin:0] starting in -fork mode-
2025-12-25T10:46:52: PM2 log: App [hands-on-sysadmin:0] online
2025-12-25T10:46:53: PM2 log: App [hands-on-sysadmin:0] exited with code [1] via signal [SIGINT]
2025-12-25T10:46:53: PM2 log: App [hands-on-sysadmin:0] starting in -fork mode-
2025-12-25T10:46:53: PM2 log: App [hands-on-sysadmin:0] online
2025-12-25T10:46:53: PM2 log: App [hands-on-sysadmin:0] exited with code [1] via signal [SIGINT]
2025-12-25T10:46:53: PM2 log: App [hands-on-sysadmin:0] starting in -fork mode-
2025-12-25T10:46:53: PM2 log: App [hands-on-sysadmin:0] online
2025-12-25T10:46:54: PM2 log: App [hands-on-sysadmin:0] exited with code [1] via signal [SIGINT]
2025-12-25T10:46:54: PM2 log: App [hands-on-sysadmin:0] starting in -fork mode-
2025-12-25T10:46:54: PM2 log: App [hands-on-sysadmin:0] online
2025-12-25T10:46:55: PM2 log: App [hands-on-sysadmin:0] exited with code [1] via signal [SIGINT]
2025-12-25T10:46:55: PM2 log: App [hands-on-sysadmin:0] starting in -fork mode-
2025-12-25T10:46:55: PM2 log: App [hands-on-sysadmin:0] online
2025-12-25T10:46:56: PM2 log: App [hands-on-sysadmin:0] exited with code [1] via signal [SIGINT]
2025-12-25T10:46:56: PM2 log: App [hands-on-sysadmin:0] starting in -fork mode-
2025-12-25T10:46:56: PM2 log: App [hands-on-sysadmin:0] online
2025-12-25T10:46:57: PM2 log: App [hands-on-sysadmin:0] exited with code [1] via signal [SIGINT]
2025-12-25T10:46:57: PM2 log: App [hands-on-sysadmin:0] starting in -fork mode-
2025-12-25T10:46:57: PM2 log: App [hands-on-sysadmin:0] online
2025-12-25T10:46:58: PM2 log: App [hands-on-sysadmin:0] exited with code [1] via signal [SIGINT]
2025-12-25T10:46:58: PM2 log: App [hands-on-sysadmin:0] starting in -fork mode-
2025-12-25T10:46:58: PM2 log: App [hands-on-sysadmin:0] online
2025-12-25T10:46:59: PM2 log: App [hands-on-sysadmin:0] exited with code [1] via signal [SIGINT]
2025-12-25T10:46:59: PM2 log: App [hands-on-sysadmin:0] starting in -fork mode-
2025-12-25T10:46:59: PM2 log: App [hands-on-sysadmin:0] online
2025-12-25T10:47:00: PM2 log: App [hands-on-sysadmin:0] exited with code [1] via signal [SIGINT]
2025-12-25T10:47:00: PM2 log: App [hands-on-sysadmin:0] starting in -fork mode-
2025-12-25T10:47:00: PM2 log: App [hands-on-sysadmin:0] online
2025-12-25T10:47:01: PM2 log: App [hands-on-sysadmin:0] exited with code [1] via signal [SIGINT]
2025-12-25T10:47:01: PM2 log: App [hands-on-sysadmin:0] starting in -fork mode-
2025-12-25T10:47:01: PM2 log: App [hands-on-sysadmin:0] online
2025-12-25T10:47:02: PM2 log: App [hands-on-sysadmin:0] exited with code [1] via signal [SIGINT]
2025-12-25T10:47:02: PM2 log: App [hands-on-sysadmin:0] starting in -fork mode-
2025-12-25T10:47:02: PM2 log: App [hands-on-sysadmin:0] online
2025-12-25T10:47:03: PM2 log: App [hands-on-sysadmin:0] exited with code [1] via signal [SIGINT]
2025-12-25T10:47:03: PM2 log: App [hands-on-sysadmin:0] starting in -fork mode-
2025-12-25T10:47:03: PM2 log: App [hands-on-sysadmin:0] online
2025-12-25T10:47:04: PM2 log: App [hands-on-sysadmin:0] exited with code [1] via signal [SIGINT]
2025-12-25T10:47:04: PM2 log: App [hands-on-sysadmin:0] starting in -fork mode-
2025-12-25T10:47:04: PM2 log: App [hands-on-sysadmin:0] online
2025-12-25T10:47:05: PM2 log: App [hands-on-sysadmin:0] exited with code [1] via signal [SIGINT]
2025-12-25T10:47:05: PM2 log: App [hands-on-sysadmin:0] starting in -fork mode-
2025-12-25T10:47:05: PM2 log: App [hands-on-sysadmin:0] online
2025-12-25T10:47:06: PM2 log: App [hands-on-sysadmin:0] exited with code [1] via signal [SIGINT]
2025-12-25T10:47:06: PM2 log: App [hands-on-sysadmin:0] starting in -fork mode-
2025-12-25T10:47:06: PM2 log: App [hands-on-sysadmin:0] online
2025-12-25T10:47:07: PM2 log: App [hands-on-sysadmin:0] exited with code [1] via signal [SIGINT]
2025-12-25T10:47:07: PM2 log: App [hands-on-sysadmin:0] starting in -fork mode-
2025-12-25T10:47:07: PM2 log: App [hands-on-sysadmin:0] online
2025-12-25T10:47:08: PM2 log: App [hands-on-sysadmin:0] exited with code [1] via signal [SIGINT]
2025-12-25T10:47:08: PM2 log: App [hands-on-sysadmin:0] starting in -fork mode-
2025-12-25T10:47:08: PM2 log: App [hands-on-sysadmin:0] online
2025-12-25T10:47:09: PM2 log: App [hands-on-sysadmin:0] exited with code [1] via signal [SIGINT]
2025-12-25T10:47:09: PM2 log: App [hands-on-sysadmin:0] starting in -fork mode-
2025-12-25T10:47:09: PM2 log: App [hands-on-sysadmin:0] online
2025-12-25T10:47:10: PM2 log: App [hands-on-sysadmin:0] exited with code [1] via signal [SIGINT]
2025-12-25T10:47:10: PM2 log: App [hands-on-sysadmin:0] starting in -fork mode-
2025-12-25T10:47:10: PM2 log: App [hands-on-sysadmin:0] online
2025-12-25T10:47:11: PM2 log: App [hands-on-sysadmin:0] exited with code [1] via signal [SIGINT]
2025-12-25T10:47:11: PM2 log: App [hands-on-sysadmin:0] starting in -fork mode-
2025-12-25T10:47:11: PM2 log: App [hands-on-sysadmin:0] online
2025-12-25T10:47:12: PM2 log: App [hands-on-sysadmin:0] exited with code [1] via signal [SIGINT]
2025-12-25T10:47:12: PM2 log: App [hands-on-sysadmin:0] starting in -fork mode-
2025-12-25T10:47:12: PM2 log: App [hands-on-sysadmin:0] online
2025-12-25T10:47:12: PM2 log: App [hands-on-sysadmin:0] exited with code [1] via signal [SIGINT]
2025-12-25T10:47:12: PM2 log: App [hands-on-sysadmin:0] starting in -fork mode-
2025-12-25T10:47:12: PM2 log: App [hands-on-sysadmin:0] online
2025-12-25T10:47:13: PM2 log: App [hands-on-sysadmin:0] exited with code [1] via signal [SIGINT]
2025-12-25T10:47:13: PM2 log: App [hands-on-sysadmin:0] starting in -fork mode-
2025-12-25T10:47:13: PM2 log: App [hands-on-sysadmin:0] online
2025-12-25T10:47:14: PM2 log: App [hands-on-sysadmin:0] exited with code [1] via signal [SIGINT]
2025-12-25T10:47:14: PM2 log: App [hands-on-sysadmin:0] starting in -fork mode-
2025-12-25T10:47:14: PM2 log: App [hands-on-sysadmin:0] online
2025-12-25T10:47:15: PM2 log: App [hands-on-sysadmin:0] exited with code [1] via signal [SIGINT]
2025-12-25T10:47:15: PM2 log: App [hands-on-sysadmin:0] starting in -fork mode-
2025-12-25T10:47:15: PM2 log: App [hands-on-sysadmin:0] online
2025-12-25T10:47:16: PM2 log: App [hands-on-sysadmin:0] exited with code [1] via signal [SIGINT]
2025-12-25T10:47:16: PM2 log: App [hands-on-sysadmin:0] starting in -fork mode-
2025-12-25T10:47:16: PM2 log: App [hands-on-sysadmin:0] online
2025-12-25T10:47:17: PM2 log: App [hands-on-sysadmin:0] exited with code [1] via signal [SIGINT]
2025-12-25T10:47:17: PM2 log: App [hands-on-sysadmin:0] starting in -fork mode-
2025-12-25T10:47:17: PM2 log: App [hands-on-sysadmin:0] online
2025-12-25T10:47:18: PM2 log: App [hands-on-sysadmin:0] exited with code [1] via signal [SIGINT]
2025-12-25T10:47:18: PM2 log: App [hands-on-sysadmin:0] starting in -fork mode-
2025-12-25T10:47:18: PM2 log: App [hands-on-sysadmin:0] online
2025-12-25T10:47:19: PM2 log: App [hands-on-sysadmin:0] exited with code [1] via signal [SIGINT]
2025-12-25T10:47:19: PM2 log: App [hands-on-sysadmin:0] starting in -fork mode-
2025-12-25T10:47:19: PM2 log: App [hands-on-sysadmin:0] online
2025-12-25T10:47:20: PM2 log: App [hands-on-sysadmin:0] exited with code [1] via signal [SIGINT]
2025-12-25T10:47:20: PM2 log: App [hands-on-sysadmin:0] starting in -fork mode-
2025-12-25T10:47:20: PM2 log: App [hands-on-sysadmin:0] online
2025-12-25T10:47:21: PM2 log: App [hands-on-sysadmin:0] exited with code [1] via signal [SIGINT]
2025-12-25T10:47:21: PM2 log: App [hands-on-sysadmin:0] starting in -fork mode-
2025-12-25T10:47:21: PM2 log: App [hands-on-sysadmin:0] online
2025-12-25T10:47:22: PM2 log: App [hands-on-sysadmin:0] exited with code [1] via signal [SIGINT]
2025-12-25T10:47:22: PM2 log: App [hands-on-sysadmin:0] starting in -fork mode-
2025-12-25T10:47:22: PM2 log: App [hands-on-sysadmin:0] online
2025-12-25T10:47:23: PM2 log: App [hands-on-sysadmin:0] exited with code [1] via signal [SIGINT]
2025-12-25T10:47:23: PM2 log: App [hands-on-sysadmin:0] starting in -fork mode-
2025-12-25T10:47:23: PM2 log: App [hands-on-sysadmin:0] online
2025-12-25T10:47:24: PM2 log: App [hands-on-sysadmin:0] exited with code [1] via signal [SIGINT]
2025-12-25T10:47:24: PM2 log: App [hands-on-sysadmin:0] starting in -fork mode-
2025-12-25T10:47:24: PM2 log: App [hands-on-sysadmin:0] online
2025-12-25T10:47:25: PM2 log: App [hands-on-sysadmin:0] exited with code [1] via signal [SIGINT]
2025-12-25T10:47:25: PM2 log: App [hands-on-sysadmin:0] starting in -fork mode-
2025-12-25T10:47:25: PM2 log: App [hands-on-sysadmin:0] online
2025-12-25T10:47:25: PM2 log: App [hands-on-sysadmin:0] exited with code [1] via signal [SIGINT]
2025-12-25T10:47:25: PM2 log: App [hands-on-sysadmin:0] starting in -fork mode-
2025-12-25T10:47:25: PM2 log: App [hands-on-sysadmin:0] online
2025-12-25T10:47:26: PM2 log: App [hands-on-sysadmin:0] exited with code [1] via signal [SIGINT]
2025-12-25T10:47:26: PM2 log: App [hands-on-sysadmin:0] starting in -fork mode-
2025-12-25T10:47:26: PM2 log: App [hands-on-sysadmin:0] online
2025-12-25T10:47:27: PM2 log: App [hands-on-sysadmin:0] exited with code [1] via signal [SIGINT]
2025-12-25T10:47:27: PM2 log: App [hands-on-sysadmin:0] starting in -fork mode-
2025-12-25T10:47:27: PM2 log: App [hands-on-sysadmin:0] online
2025-12-25T10:47:28: PM2 log: App [hands-on-sysadmin:0] exited with code [1] via signal [SIGINT]
2025-12-25T10:47:28: PM2 log: App [hands-on-sysadmin:0] starting in -fork mode-
2025-12-25T10:47:28: PM2 log: App [hands-on-sysadmin:0] online
2025-12-25T10:47:29: PM2 log: App [hands-on-sysadmin:0] exited with code [1] via signal [SIGINT]
2025-12-25T10:47:29: PM2 log: App [hands-on-sysadmin:0] starting in -fork mode-
2025-12-25T10:47:29: PM2 log: App [hands-on-sysadmin:0] online
2025-12-25T10:47:30: PM2 log: App [hands-on-sysadmin:0] exited with code [1] via signal [SIGINT]
2025-12-25T10:47:30: PM2 log: App [hands-on-sysadmin:0] starting in -fork mode-
2025-12-25T10:47:30: PM2 log: App [hands-on-sysadmin:0] online
2025-12-25T10:47:31: PM2 log: App [hands-on-sysadmin:0] exited with code [1] via signal [SIGINT]
2025-12-25T10:47:31: PM2 log: App [hands-on-sysadmin:0] starting in -fork mode-
2025-12-25T10:47:31: PM2 log: App [hands-on-sysadmin:0] online
2025-12-25T10:47:32: PM2 log: App [hands-on-sysadmin:0] exited with code [1] via signal [SIGINT]
2025-12-25T10:47:32: PM2 log: App [hands-on-sysadmin:0] starting in -fork mode-
2025-12-25T10:47:32: PM2 log: App [hands-on-sysadmin:0] online
2025-12-25T10:47:33: PM2 log: App [hands-on-sysadmin:0] exited with code [1] via signal [SIGINT]
2025-12-25T10:47:33: PM2 log: App [hands-on-sysadmin:0] starting in -fork mode-
2025-12-25T10:47:33: PM2 log: App [hands-on-sysadmin:0] online
2025-12-25T10:47:34: PM2 log: App [hands-on-sysadmin:0] exited with code [1] via signal [SIGINT]
2025-12-25T10:47:34: PM2 log: App [hands-on-sysadmin:0] starting in -fork mode-
2025-12-25T10:47:34: PM2 log: App [hands-on-sysadmin:0] online
2025-12-25T10:47:35: PM2 log: App [hands-on-sysadmin:0] exited with code [1] via signal [SIGINT]
2025-12-25T10:47:35: PM2 log: App [hands-on-sysadmin:0] starting in -fork mode-
2025-12-25T10:47:35: PM2 log: App [hands-on-sysadmin:0] online
2025-12-25T10:47:36: PM2 log: App [hands-on-sysadmin:0] exited with code [1] via signal [SIGINT]
2025-12-25T10:47:36: PM2 log: App [hands-on-sysadmin:0] starting in -fork mode-
2025-12-25T10:47:36: PM2 log: App [hands-on-sysadmin:0] online
2025-12-25T10:47:38: PM2 log: App [hands-on-sysadmin:0] exited with code [1] via signal [SIGINT]
2025-12-25T10:47:38: PM2 log: App [hands-on-sysadmin:0] starting in -fork mode-
2025-12-25T10:47:38: PM2 log: App [hands-on-sysadmin:0] online
2025-12-25T10:47:39: PM2 log: App [hands-on-sysadmin:0] exited with code [1] via signal [SIGINT]
2025-12-25T10:47:39: PM2 log: App [hands-on-sysadmin:0] starting in -fork mode-
2025-12-25T10:47:39: PM2 log: App [hands-on-sysadmin:0] online
2025-12-25T10:47:42: PM2 log: App [hands-on-sysadmin:0] exited with code [1] via signal [SIGINT]
2025-12-25T10:47:42: PM2 log: App [hands-on-sysadmin:0] starting in -fork mode-
2025-12-25T10:47:42: PM2 log: App [hands-on-sysadmin:0] online
2025-12-25T10:47:44: PM2 log: App [hands-on-sysadmin:0] exited with code [1] via signal [SIGINT]
2025-12-25T10:47:44: PM2 log: App [hands-on-sysadmin:0] starting in -fork mode-
2025-12-25T10:47:44: PM2 log: App [hands-on-sysadmin:0] online
2025-12-25T10:48:11: PM2 log: App [hands-on-sysadmin:0] exited with code [1] via signal [SIGINT]
2025-12-25T10:48:11: PM2 log: App [hands-on-sysadmin:0] starting in -fork mode-
2025-12-25T10:48:11: PM2 log: App [hands-on-sysadmin:0] online
2025-12-25T10:48:24: PM2 log: App [hands-on-sysadmin:0] exited with code [1] via signal [SIGINT]
2025-12-25T10:48:24: PM2 log: App [hands-on-sysadmin:0] starting in -fork mode-
2025-12-25T10:48:24: PM2 log: App [hands-on-sysadmin:0] online
2025-12-25T10:48:26: PM2 log: App [hands-on-sysadmin:0] exited with code [1] via signal [SIGINT]
2025-12-25T10:48:26: PM2 log: App [hands-on-sysadmin:0] starting in -fork mode-
2025-12-25T10:48:26: PM2 log: App [hands-on-sysadmin:0] online
2025-12-25T10:48:28: PM2 log: App [hands-on-sysadmin:0] exited with code [1] via signal [SIGINT]
2025-12-25T10:48:28: PM2 log: App [hands-on-sysadmin:0] starting in -fork mode-
2025-12-25T10:48:28: PM2 log: App [hands-on-sysadmin:0] online
2025-12-25T10:48:37: PM2 log: Stopping app:hands-on-sysadmin id:0
2025-12-25T10:48:37: PM2 log: App [hands-on-sysadmin:0] exited with code [0] via signal [SIGINT]
2025-12-25T10:48:38: PM2 log: pid=17029 msg=process killed
2025-12-25T10:48:38: PM2 log: App [hands-on-sysadmin:0] starting in -fork mode-
2025-12-25T10:48:38: PM2 log: App [hands-on-sysadmin:0] online
2025-12-25T18:29:11: PM2 log: Stopping app:hands-on-sysadmin id:0
2025-12-25T18:29:12: PM2 log: App [hands-on-sysadmin:0] exited with code [0] via signal [SIGINT]
2025-12-25T18:29:12: PM2 log: pid=17075 msg=process killed
2025-12-25T18:29:12: PM2 log: App [hands-on-sysadmin:0] starting in -fork mode-
2025-12-25T18:29:12: PM2 log: App [hands-on-sysadmin:0] online
2025-12-25T18:54:47: PM2 log: Stopping app:hands-on-sysadmin id:0
2025-12-25T18:54:47: PM2 log: App [hands-on-sysadmin:0] exited with code [0] via signal [SIGINT]
2025-12-25T18:54:47: PM2 log: pid=18013 msg=process killed
2025-12-25T18:54:47: PM2 log: App [hands-on-sysadmin:0] starting in -fork mode-
2025-12-25T18:54:47: PM2 log: App [hands-on-sysadmin:0] online
2025-12-26T08:51:02: PM2 log: Stopping app:hands-on-sysadmin id:0
2025-12-26T08:51:03: PM2 log: App [hands-on-sysadmin:0] exited with code [0] via signal [SIGINT]
2025-12-26T08:51:03: PM2 log: pid=18235 msg=process killed
2025-12-26T08:51:03: PM2 log: App [hands-on-sysadmin:0] starting in -fork mode-
2025-12-26T08:51:03: PM2 log: App [hands-on-sysadmin:0] online
2025-12-26T08:56:02: PM2 log: Stopping app:hands-on-sysadmin id:0
2025-12-26T08:56:02: PM2 log: App [hands-on-sysadmin:0] exited with code [0] via signal [SIGINT]
2025-12-26T08:56:02: PM2 log: pid=23638 msg=process killed
2025-12-26T08:56:02: PM2 log: App [hands-on-sysadmin:0] starting in -fork mode-
2025-12-26T08:56:02: PM2 log: App [hands-on-sysadmin:0] online
